[2022-11-06T14:49:01.985] [ERROR] warn - No se encontró administrador con el id 11
[2022-11-06T14:49:19.679] [ERROR] warn - No tenés autorización para avanzar
[2022-11-06T14:50:11.899] [ERROR] warn - No tenés autorización para avanzar
[2022-11-06T15:13:50.509] [ERROR] warn - Algún dato es incorrecto
[2022-11-06T15:14:07.433] [ERROR] warn - La contraseña es incorrecta
[2022-11-06T15:23:10.221] [ERROR] warn - Ocurrió un error al intentar crear el administrador, volvé a intentarlo
[2022-11-06T15:24:19.610] [ERROR] warn - Ocurrió un error al intentar crear el administrador, es probable que ya exista un administrador con ese correo electrónico
[2022-11-06T15:24:34.330] [ERROR] warn - Ocurrió un error al intentar crear el administrador, es probable que ya exista un administrador con ese correo electrónico
[2022-11-06T15:27:37.731] [ERROR] warn - No se encontró producto con el id 1500
[2022-11-06T15:30:21.782] [ERROR] warn - No se encontró producto con el id 150
[2022-11-06T15:30:25.414] [ERROR] warn - No se encontró producto con el id 15
[2022-11-06T15:37:50.744] [ERROR] warn - Ya existe una categoría con el nombre Chanclas
[2022-11-06T15:38:30.469] [ERROR] warn - Ya existe una categoría con el nombre Chanclas
[2022-11-06T15:38:52.327] [ERROR] warn - Ya existe una categoría con el nombre Chanclas
[2022-11-06T15:41:03.731] [ERROR] warn - Ya existe una categoría con el nombre Chanclas
[2022-11-06T15:44:16.766] [ERROR] warn - Ya existe una categoría con el nombre [object Object]
[2022-11-06T15:44:40.652] [ERROR] warn - Ya existe una categoría con el nombre [object Object]
[2022-11-06T15:44:59.991] [ERROR] warn - Ya existe una categoría con el nombre Chanclas
[2022-11-06T15:45:16.265] [ERROR] warn - Ya existe una categoría con el nombre Cualquiera
[2022-11-06T15:56:18.537] [ERROR] warn - Ya existe una categoría con el nombre Cualquiera
[2022-11-06T15:57:01.669] [ERROR] warn - Ya existe una categoría con el nombre Zapatillas
[2022-11-06T15:59:08.981] [ERROR] warn - Ya existe una categoría con el nombre Zapatillas
[2022-11-06T16:00:56.620] [ERROR] warn - No se encontró categoría con el id 7
[2022-11-06T16:03:02.510] [ERROR] warn - No se encontró categoría con el id 5
[2022-11-06T16:04:37.216] [ERROR] warn - No se encontró categoría con el id 5
[2022-11-06T16:04:51.484] [ERROR] warn - No se encontró categoría con el id 5
[2022-11-06T16:04:57.992] [ERROR] warn - Ya existe una categoría con el nombre Panchas
[2022-11-06T16:05:02.569] [ERROR] warn - Ya existe una categoría con el nombre Panchas
[2022-11-06T16:05:05.052] [ERROR] warn - Ya existe una categoría con el nombre Panchas
[2022-11-06T16:05:52.222] [ERROR] warn - Ya existe una categoría con el nombre Panchas
[2022-11-06T16:06:03.900] [ERROR] warn - Ya existe una categoría con el nombre Panchas
[2022-11-06T16:06:29.922] [ERROR] warn - Ya existe una categoría con el nombre Panchas
[2022-11-06T16:07:22.508] [ERROR] warn - Ya existe una categoría con el nombre Panchas
[2022-11-06T16:07:33.765] [ERROR] warn - Ya existe una categoría con el nombre Panchas
[2022-11-06T16:09:39.018] [ERROR] warn - No se encontró categoría con el id 50
[2022-11-06T16:09:44.445] [ERROR] warn - No se encontró categoría con el id 5
[2022-11-06T16:09:57.569] [ERROR] warn - No se encontró categoría con el id 50
[2022-11-06T16:10:12.480] [ERROR] warn - No se encontró categoría con el id 50
[2022-11-06T16:10:17.326] [ERROR] warn - No se encontró categoría con el id 5
[2022-11-06T16:10:38.716] [ERROR] warn - No se encontró categoría con el id 5
[2022-11-06T16:11:07.435] [ERROR] warn - No se encontró categoría con el id 5
[2022-11-06T16:11:29.715] [ERROR] warn - No se encontró categoría con el id 5
[2022-11-06T16:12:14.995] [ERROR] warn - No se encontró categoría con el id 5
[2022-11-06T16:12:25.131] [ERROR] warn - No se encontró categoría con el id 5
[2022-11-06T16:13:00.724] [ERROR] warn - Ya existe una categoría con el nombre Panchas
[2022-11-06T16:13:19.650] [ERROR] warn - No se encontró categoría con el id 5
[2022-11-06T16:13:46.746] [ERROR] warn - Ya existe una categoría con el nombre Panchas
[2022-11-06T16:13:52.815] [ERROR] warn - No se encontró categoría con el id 50
[2022-11-06T16:13:55.801] [ERROR] warn - Ya existe una categoría con el nombre Panchas
[2022-11-06T16:15:10.312] [ERROR] warn - No se encontró categoría con el id 5
[2022-11-06T16:15:13.994] [ERROR] warn - No se encontró categoría con el id 50
[2022-11-06T16:15:17.391] [ERROR] warn - No se encontró categoría con el id 6
[2022-11-06T16:15:20.114] [ERROR] warn - No se encontró categoría con el id 7
[2022-11-06T16:16:12.039] [ERROR] warn - No se encontró categoría con el id 6
[2022-11-06T16:23:31.644] [ERROR] warn - No se encontró la ruta /admin/orders/all
[2022-11-06T16:28:59.968] [ERROR] warn - No tenés autorización para avanzar
[2022-11-06T16:53:28.228] [ERROR] warn - No se encontró administrador con el id NaN
[2022-11-06T16:58:22.496] [ERROR] warn - Ya existe una categoría con el nombre Zapatillas
[2022-11-06T16:58:55.653] [ERROR] warn - No se encontró categoría con el id 5
[2022-11-06T17:02:15.568] [ERROR] warn - Ya existe un producto con el nombre Zapatillas Hola
[2022-11-06T17:04:28.699] [ERROR] warn - No se encontró producto con el id 170
[2022-11-06T17:04:47.837] [ERROR] warn - No se encontró producto con el id 19
[2022-11-06T17:05:48.684] [ERROR] warn - No se encontró producto con el id 170
[2022-11-06T17:13:54.464] [ERROR] warn - No se encontró la ruta /admin/users/culo
[2022-11-06T17:14:00.402] [ERROR] warn - No se encontró la ruta /admin/users/culo
[2022-11-06T17:14:04.557] [ERROR] warn - No se encontró la ruta /admin/users/culo
[2022-11-06T17:14:07.417] [ERROR] warn - No se encontró la ruta /admin/users/culo
[2022-11-06T17:14:10.196] [ERROR] warn - No se encontró la ruta /admin/users/culo
[2022-11-06T17:18:01.562] [ERROR] warn - No tenés autorización para avanzar
[2022-11-07T13:10:37.217] [ERROR] warn - No se encontró la ruta 
[2022-11-07T14:38:17.310] [ERROR] warn - No estás autorizado para ingresar a esta ruta
[2022-11-07T14:39:18.870] [ERROR] warn - No estás autorizado para ingresar a esta ruta
[2022-11-07T14:51:28.607] [ERROR] warn - No estás autorizado para ingresar a esta ruta
[2022-11-07T14:58:13.783] [ERROR] warn - No se encontró categoría con id 17
[2022-11-07T14:58:55.900] [ERROR] warn - No se encontró categoría con el id 55
[2022-11-07T14:59:00.340] [ERROR] warn - No se encontró categoría con el id NaN
[2022-11-07T14:59:32.265] [ERROR] warn - Ya existe una categoría con el nombre undefined
[2022-11-07T14:59:59.916] [ERROR] warn - Ya existe una categoría con el nombre undefined o te faltó ingresar el nombre
[2022-11-07T15:01:12.768] [ERROR] warn - Te faltó ingresar el nombre de la categoría
[2022-11-07T15:01:15.754] [ERROR] warn - Te faltó ingresar el nombre de la categoría
[2022-11-07T15:01:36.935] [ERROR] warn - Ya existe una categoría con el nombre Zapatilla
[2022-11-07T15:01:41.481] [ERROR] warn - Te faltó ingresar el nombre de la categoría
[2022-11-07T15:02:29.627] [ERROR] warn - No se encontró categoría con el id 60
[2022-11-07T15:03:54.036] [ERROR] warn - Ya existe un producto con el nombre Zapatillas Zero
[2022-11-07T15:03:59.288] [ERROR] warn - Ya existe un producto con el nombre undefined
[2022-11-07T15:05:19.541] [ERROR] warn - Faltó ingresar algún dato obligatorio
[2022-11-07T15:05:25.171] [ERROR] warn - Ya existe un producto con el nombre Zapatillas Zero
[2022-11-07T15:05:30.797] [ERROR] warn - Ya existe un producto con el nombre Zapatillas Caca
[2022-11-07T15:06:16.053] [ERROR] warn - Ya existe un producto con el nombre Zapatillas Caca o te faltó ingresar algún dato
[2022-11-07T15:06:29.671] [ERROR] warn - Ya existe un producto con el nombre Zapatillas De Maca o te faltó ingresar algún dato
[2022-11-07T15:07:34.131] [ERROR] warn - No se encontró producto con el id 190
[2022-11-07T15:08:06.340] [ERROR] warn - No se encontró producto con el id 19
[2022-11-07T15:08:10.514] [ERROR] warn - No se encontró producto con el id 190
[2022-11-07T15:37:30.264] [ERROR] warn - No estás autorizado para ingresar a esta ruta
[2022-11-07T15:41:20.166] [ERROR] warn - No estás autorizado para ingresar a esta ruta
[2022-11-07T16:02:41.330] [ERROR] warn - No se encontraron productos pertenecientes a la categoría zapatillas
[2022-11-07T16:03:11.111] [ERROR] warn - No se encontraron productos pertenecientes a la categoría zapatillas
[2022-11-07T16:04:56.558] [ERROR] warn - No se encontraron productos pertenecientes a la categoría CACA
[2022-11-07T16:05:17.755] [ERROR] warn - No se encontraron productos pertenecientes a la categoría CACA, puede que la misma no exista
[2022-11-07T16:05:31.781] [ERROR] warn - No se encontraron productos pertenecientes a la categoría ojota, puede que la misma no exista
[2022-11-07T16:07:15.535] [ERROR] warn - No se encontraron productos pertenecientes a la categoría dsaggsad, puede que la misma no exista
[2022-11-07T16:08:04.758] [ERROR] warn - No se encontró la ruta 
[2022-11-07T16:08:26.962] [ERROR] warn - No se encontró la ruta /public//uploads//product//bota-chavito-celeste.jpg
[2022-11-07T16:08:32.186] [ERROR] warn - No se encontró la ruta /public/uploads/product/bota-chavito-celeste.jpg
